# JRE version: OpenJDK Runtime Environment (11.0.13) (build 11.0.13+0-b1751.21-8125866)
# Java VM: OpenJDK 64-Bit Server VM (11.0.13+0-b1751.21-8125866, mixed mode, tiered, compressed oops, g1 gc, windows-amd64)
Heap:
 garbage-first heap   total 416768K, used 168785K [0x0000000080000000, 0x0000000100000000)
  region size 1024K, 9 young (9216K), 9 survivors (9216K)
 Metaspace       used 102965K, capacity 105626K, committed 107220K, reserved 1142784K
  class space    used 13204K, capacity 14273K, committed 14976K, reserved 1048576K
GC Heap History (20 events):
Event: 35.894 GC heap after
{Heap after GC invocations=26 (full 0):
 garbage-first heap   total 262144K, used 154765K [0x0000000080000000, 0x0000000100000000)
  region size 1024K, 2 young (2048K), 2 survivors (2048K)
 Metaspace       used 100395K, capacity 102835K, committed 105044K, reserved 1140736K
  class space    used 12964K, capacity 13961K, committed 14848K, reserved 1048576K
}
Event: 36.317 GC heap before
{Heap before GC invocations=26 (full 0):
 garbage-first heap   total 262144K, used 220301K [0x0000000080000000, 0x0000000100000000)
  region size 1024K, 66 young (67584K), 2 survivors (2048K)
 Metaspace       used 100862K, capacity 103425K, committed 105556K, reserved 1140736K
  class space    used 13030K, capacity 14053K, committed 14848K, reserved 1048576K
}
Event: 36.324 GC heap after
{Heap after GC invocations=27 (full 0):
 garbage-first heap   total 262144K, used 154656K [0x0000000080000000, 0x0000000100000000)
  region size 1024K, 2 young (2048K), 2 survivors (2048K)
 Metaspace       used 100862K, capacity 103425K, committed 105556K, reserved 1140736K
  class space    used 13030K, capacity 14053K, committed 14848K, reserved 1048576K
}
Event: 37.079 GC heap before
{Heap before GC invocations=28 (full 0):
 garbage-first heap   total 262144K, used 221216K [0x0000000080000000, 0x0000000100000000)
  region size 1024K, 68 young (69632K), 2 survivors (2048K)
 Metaspace       used 102468K, capacity 105292K, committed 106708K, reserved 1140736K
  class space    used 13262K, capacity 14397K, committed 14976K, reserved 1048576K
}
Event: 37.090 GC heap after
{Heap after GC invocations=29 (full 0):
 garbage-first heap   total 262144K, used 156883K [0x0000000080000000, 0x0000000100000000)
  region size 1024K, 4 young (4096K), 4 survivors (4096K)
 Metaspace       used 102468K, capacity 105292K, committed 106708K, reserved 1140736K
  class space    used 13262K, capacity 14397K, committed 14976K, reserved 1048576K
}
Event: 37.568 GC heap before
{Heap before GC invocations=29 (full 0):
 garbage-first heap   total 262144K, used 222419K [0x0000000080000000, 0x0000000100000000)
  region size 1024K, 69 young (70656K), 4 survivors (4096K)
 Metaspace       used 102726K, capacity 105532K, committed 106708K, reserved 1140736K
  class space    used 13277K, capacity 14407K, committed 14976K, reserved 1048576K
}
Event: 37.577 GC heap after
{Heap after GC invocations=30 (full 0):
 garbage-first heap   total 262144K, used 157026K [0x0000000080000000, 0x0000000100000000)
  region size 1024K, 4 young (4096K), 4 survivors (4096K)
 Metaspace       used 102726K, capacity 105532K, committed 106708K, reserved 1140736K
  class space    used 13277K, capacity 14407K, committed 14976K, reserved 1048576K
}
Event: 37.828 GC heap before
{Heap before GC invocations=30 (full 0):
 garbage-first heap   total 262144K, used 223586K [0x0000000080000000, 0x0000000100000000)
  region size 1024K, 69 young (70656K), 4 survivors (4096K)
 Metaspace       used 102742K, capacity 105541K, committed 106708K, reserved 1140736K
  class space    used 13281K, capacity 14410K, committed 14976K, reserved 1048576K
}
Event: 37.846 GC heap after
{Heap after GC invocations=31 (full 0):
 garbage-first heap   total 262144K, used 156211K [0x0000000080000000, 0x0000000100000000)
  region size 1024K, 3 young (3072K), 3 survivors (3072K)
 Metaspace       used 102742K, capacity 105541K, committed 106708K, reserved 1140736K
  class space    used 13281K, capacity 14410K, committed 14976K, reserved 1048576K
}
Event: 38.463 GC heap before
{Heap before GC invocations=32 (full 0):
 garbage-first heap   total 262144K, used 224819K [0x0000000080000000, 0x0000000100000000)
  region size 1024K, 70 young (71680K), 3 survivors (3072K)
 Metaspace       used 102933K, capacity 105760K, committed 106964K, reserved 1140736K
  class space    used 13283K, capacity 14414K, committed 14976K, reserved 1048576K
}
Event: 38.481 GC heap after
{Heap after GC invocations=33 (full 0):
 garbage-first heap   total 315392K, used 157720K [0x0000000080000000, 0x0000000100000000)
  region size 1024K, 5 young (5120K), 5 survivors (5120K)
 Metaspace       used 102933K, capacity 105760K, committed 106964K, reserved 1140736K
  class space    used 13283K, capacity 14414K, committed 14976K, reserved 1048576K
}
Event: 38.861 GC heap before
{Heap before GC invocations=33 (full 0):
 garbage-first heap   total 315392K, used 250904K [0x0000000080000000, 0x0000000100000000)
  region size 1024K, 97 young (99328K), 5 survivors (5120K)
 Metaspace       used 103055K, capacity 105897K, committed 107220K, reserved 1142784K
  class space    used 13283K, capacity 14414K, committed 14976K, reserved 1048576K
}
Event: 38.891 GC heap after
{Heap after GC invocations=34 (full 0):
 garbage-first heap   total 315392K, used 162748K [0x0000000080000000, 0x0000000100000000)
  region size 1024K, 10 young (10240K), 10 survivors (10240K)
 Metaspace       used 103055K, capacity 105897K, committed 107220K, reserved 1142784K
  class space    used 13283K, capacity 14414K, committed 14976K, reserved 1048576K
}
Event: 39.170 GC heap before
{Heap before GC invocations=34 (full 0):
 garbage-first heap   total 315392K, used 254908K [0x0000000080000000, 0x0000000100000000)
  region size 1024K, 101 young (103424K), 10 survivors (10240K)
 Metaspace       used 103095K, capacity 105905K, committed 107220K, reserved 1142784K
  class space    used 13287K, capacity 14416K, committed 14976K, reserved 1048576K
}
Event: 39.185 GC heap after
{Heap after GC invocations=35 (full 0):
 garbage-first heap   total 315392K, used 162877K [0x0000000080000000, 0x0000000100000000)
  region size 1024K, 6 young (6144K), 6 survivors (6144K)
 Metaspace       used 103095K, capacity 105905K, committed 107220K, reserved 1142784K
  class space    used 13287K, capacity 14416K, committed 14976K, reserved 1048576K
}
Event: 39.543 GC heap before
{Heap before GC invocations=36 (full 0):
 garbage-first heap   total 315392K, used 258109K [0x0000000080000000, 0x0000000100000000)
  region size 1024K, 99 young (101376K), 6 survivors (6144K)
 Metaspace       used 103150K, capacity 105969K, committed 107220K, reserved 1142784K
  class space    used 13287K, capacity 14416K, committed 14976K, reserved 1048576K
}
Event: 39.553 GC heap after
{Heap after GC invocations=37 (full 0):
 garbage-first heap   total 315392K, used 163321K [0x0000000080000000, 0x0000000100000000)
  region size 1024K, 6 young (6144K), 6 survivors (6144K)
 Metaspace       used 103150K, capacity 105969K, committed 107220K, reserved 1142784K
  class space    used 13287K, capacity 14416K, committed 14976K, reserved 1048576K
}
Event: 39.878 GC heap before
{Heap before GC invocations=37 (full 0):
 garbage-first heap   total 315392K, used 260601K [0x0000000080000000, 0x0000000100000000)
  region size 1024K, 102 young (104448K), 6 survivors (6144K)
 Metaspace       used 103199K, capacity 105982K, committed 107220K, reserved 1142784K
  class space    used 13288K, capacity 14419K, committed 14976K, reserved 1048576K
}
Event: 39.915 GC heap after
{Heap after GC invocations=38 (full 0):
 garbage-first heap   total 315392K, used 165567K [0x0000000080000000, 0x0000000100000000)
  region size 1024K, 8 young (8192K), 8 survivors (8192K)
 Metaspace       used 103199K, capacity 105982K, committed 107220K, reserved 1142784K
  class space    used 13288K, capacity 14419K, committed 14976K, reserved 1048576K
}
Event: 40.558 GC heap before
{Heap before GC invocations=39 (full 0):
 garbage-first heap   total 315392K, used 263871K [0x0000000080000000, 0x0000000100000000)
  region size 1024K, 104 young (106496K), 8 survivors (8192K)
 Metaspace       used 102965K, capacity 105626K, committed 107220K, reserved 1142784K
  class space    used 13204K, capacity 14273K, committed 14976K, reserved 1048576K
}

