# JRE version: OpenJDK Runtime Environment (11.0.13) (build 11.0.13+0-b1751.21-8125866)
# Java VM: OpenJDK 64-Bit Server VM (11.0.13+0-b1751.21-8125866, mixed mode, tiered, compressed oops, g1 gc, windows-amd64)
Heap:
 garbage-first heap   total 262144K, used 102052K [0x0000000080000000, 0x0000000100000000)
  region size 1024K, 53 young (54272K), 11 survivors (11264K)
 Metaspace       used 69947K, capacity 71469K, committed 71796K, reserved 1112064K
  class space    used 8841K, capacity 9426K, committed 9496K, reserved 1048576K
GC Heap History (16 events):
Event: 0.794 GC heap before
{Heap before GC invocations=0 (full 0):
 garbage-first heap   total 262144K, used 29696K [0x0000000080000000, 0x0000000100000000)
  region size 1024K, 24 young (24576K), 0 survivors (0K)
 Metaspace       used 9750K, capacity 9968K, committed 10112K, reserved 1058816K
  class space    used 1003K, capacity 1069K, committed 1152K, reserved 1048576K
}
Event: 0.799 GC heap after
{Heap after GC invocations=1 (full 0):
 garbage-first heap   total 262144K, used 9238K [0x0000000080000000, 0x0000000100000000)
  region size 1024K, 3 young (3072K), 3 survivors (3072K)
 Metaspace       used 9750K, capacity 9968K, committed 10112K, reserved 1058816K
  class space    used 1003K, capacity 1069K, committed 1152K, reserved 1048576K
}
Event: 3.078 GC heap before
{Heap before GC invocations=1 (full 0):
 garbage-first heap   total 262144K, used 114710K [0x0000000080000000, 0x0000000100000000)
  region size 1024K, 107 young (109568K), 3 survivors (3072K)
 Metaspace       used 20799K, capacity 21201K, committed 21296K, reserved 1069056K
  class space    used 2534K, capacity 2688K, committed 2688K, reserved 1048576K
}
Event: 3.087 GC heap after
{Heap after GC invocations=2 (full 0):
 garbage-first heap   total 262144K, used 16644K [0x0000000080000000, 0x0000000100000000)
  region size 1024K, 11 young (11264K), 11 survivors (11264K)
 Metaspace       used 20799K, capacity 21201K, committed 21296K, reserved 1069056K
  class space    used 2534K, capacity 2688K, committed 2688K, reserved 1048576K
}
Event: 3.500 GC heap before
{Heap before GC invocations=3 (full 0):
 garbage-first heap   total 262144K, used 58628K [0x0000000080000000, 0x0000000100000000)
  region size 1024K, 52 young (53248K), 11 survivors (11264K)
 Metaspace       used 24831K, capacity 25386K, committed 25472K, reserved 1071104K
  class space    used 3184K, capacity 3383K, committed 3456K, reserved 1048576K
}
Event: 3.507 GC heap after
{Heap after GC invocations=4 (full 0):
 garbage-first heap   total 262144K, used 18461K [0x0000000080000000, 0x0000000100000000)
  region size 1024K, 2 young (2048K), 2 survivors (2048K)
 Metaspace       used 24831K, capacity 25386K, committed 25472K, reserved 1071104K
  class space    used 3184K, capacity 3383K, committed 3456K, reserved 1048576K
}
Event: 4.642 GC heap before
{Heap before GC invocations=4 (full 0):
 garbage-first heap   total 262144K, used 94237K [0x0000000080000000, 0x0000000100000000)
  region size 1024K, 77 young (78848K), 2 survivors (2048K)
 Metaspace       used 35174K, capacity 35981K, committed 36048K, reserved 1081344K
  class space    used 4527K, capacity 4838K, committed 4864K, reserved 1048576K
}
Event: 4.650 GC heap after
{Heap after GC invocations=5 (full 0):
 garbage-first heap   total 262144K, used 22167K [0x0000000080000000, 0x0000000100000000)
  region size 1024K, 6 young (6144K), 6 survivors (6144K)
 Metaspace       used 35174K, capacity 35981K, committed 36048K, reserved 1081344K
  class space    used 4527K, capacity 4838K, committed 4864K, reserved 1048576K
}
Event: 6.112 GC heap before
{Heap before GC invocations=6 (full 0):
 garbage-first heap   total 262144K, used 138903K [0x0000000080000000, 0x0000000100000000)
  region size 1024K, 117 young (119808K), 6 survivors (6144K)
 Metaspace       used 44797K, capacity 45804K, committed 45980K, reserved 1089536K
  class space    used 5671K, capacity 6071K, committed 6092K, reserved 1048576K
}
Event: 6.122 GC heap after
{Heap after GC invocations=7 (full 0):
 garbage-first heap   total 262144K, used 29181K [0x0000000080000000, 0x0000000100000000)
  region size 1024K, 13 young (13312K), 13 survivors (13312K)
 Metaspace       used 44797K, capacity 45804K, committed 45980K, reserved 1089536K
  class space    used 5671K, capacity 6071K, committed 6092K, reserved 1048576K
}
Event: 7.529 GC heap before
{Heap before GC invocations=7 (full 0):
 garbage-first heap   total 262144K, used 169469K [0x0000000080000000, 0x0000000100000000)
  region size 1024K, 141 young (144384K), 13 survivors (13312K)
 Metaspace       used 52782K, capacity 54052K, committed 54300K, reserved 1095680K
  class space    used 6680K, capacity 7206K, committed 7244K, reserved 1048576K
}
Event: 7.543 GC heap after
{Heap after GC invocations=8 (full 0):
 garbage-first heap   total 262144K, used 49315K [0x0000000080000000, 0x0000000100000000)
  region size 1024K, 18 young (18432K), 18 survivors (18432K)
 Metaspace       used 52782K, capacity 54052K, committed 54300K, reserved 1095680K
  class space    used 6680K, capacity 7206K, committed 7244K, reserved 1048576K
}
Event: 8.309 GC heap before
{Heap before GC invocations=8 (full 0):
 garbage-first heap   total 262144K, used 92323K [0x0000000080000000, 0x0000000100000000)
  region size 1024K, 61 young (62464K), 18 survivors (18432K)
 Metaspace       used 59139K, capacity 60531K, committed 60572K, reserved 1101824K
  class space    used 7499K, capacity 8105K, committed 8140K, reserved 1048576K
}
Event: 8.325 GC heap after
{Heap after GC invocations=9 (full 0):
 garbage-first heap   total 262144K, used 52190K [0x0000000080000000, 0x0000000100000000)
  region size 1024K, 4 young (4096K), 4 survivors (4096K)
 Metaspace       used 59139K, capacity 60531K, committed 60572K, reserved 1101824K
  class space    used 7499K, capacity 8105K, committed 8140K, reserved 1048576K
}
Event: 10.051 GC heap before
{Heap before GC invocations=10 (full 0):
 garbage-first heap   total 262144K, used 184286K [0x0000000080000000, 0x0000000100000000)
  region size 1024K, 126 young (129024K), 4 survivors (4096K)
 Metaspace       used 67662K, capacity 69120K, committed 69236K, reserved 1110016K
  class space    used 8552K, capacity 9154K, committed 9240K, reserved 1048576K
}
Event: 10.080 GC heap after
{Heap after GC invocations=11 (full 0):
 garbage-first heap   total 262144K, used 60068K [0x0000000080000000, 0x0000000100000000)
  region size 1024K, 11 young (11264K), 11 survivors (11264K)
 Metaspace       used 67662K, capacity 69120K, committed 69236K, reserved 1110016K
  class space    used 8552K, capacity 9154K, committed 9240K, reserved 1048576K
}

