# JRE version: OpenJDK Runtime Environment (11.0.13) (build 11.0.13+0-b1751.21-8125866)
# Java VM: OpenJDK 64-Bit Server VM (11.0.13+0-b1751.21-8125866, mixed mode, tiered, compressed oops, g1 gc, windows-amd64)
Heap:
 garbage-first heap   total 262144K, used 154276K [0x0000000080000000, 0x0000000100000000)
  region size 1024K, 33 young (33792K), 10 survivors (10240K)
 Metaspace       used 131910K, capacity 135590K, committed 138736K, reserved 1169408K
  class space    used 16595K, capacity 17961K, committed 19232K, reserved 1048576K
GC Heap History (20 events):
Event: 29.471 GC heap before
{Heap before GC invocations=16 (full 0):
 garbage-first heap   total 262144K, used 171008K [0x0000000080000000, 0x0000000100000000)
  region size 1024K, 88 young (90112K), 7 survivors (7168K)
 Metaspace       used 99278K, capacity 101533K, committed 101616K, reserved 1136640K
  class space    used 12700K, capacity 13569K, committed 13600K, reserved 1048576K
}
Event: 29.483 GC heap after
{Heap after GC invocations=17 (full 0):
 garbage-first heap   total 262144K, used 94208K [0x0000000080000000, 0x0000000100000000)
  region size 1024K, 11 young (11264K), 11 survivors (11264K)
 Metaspace       used 99278K, capacity 101533K, committed 101616K, reserved 1136640K
  class space    used 12700K, capacity 13569K, committed 13600K, reserved 1048576K
}
Event: 30.760 GC heap before
{Heap before GC invocations=18 (full 0):
 garbage-first heap   total 262144K, used 195584K [0x0000000080000000, 0x0000000100000000)
  region size 1024K, 109 young (111616K), 11 survivors (11264K)
 Metaspace       used 104005K, capacity 106258K, committed 106608K, reserved 1142784K
  class space    used 13215K, capacity 14111K, committed 14240K, reserved 1048576K
}
Event: 30.775 GC heap after
{Heap after GC invocations=19 (full 0):
 garbage-first heap   total 262144K, used 101362K [0x0000000080000000, 0x0000000100000000)
  region size 1024K, 10 young (10240K), 10 survivors (10240K)
 Metaspace       used 104005K, capacity 106258K, committed 106608K, reserved 1142784K
  class space    used 13215K, capacity 14111K, committed 14240K, reserved 1048576K
}
Event: 89.578 GC heap before
{Heap before GC invocations=20 (full 0):
 garbage-first heap   total 262144K, used 199666K [0x0000000080000000, 0x0000000100000000)
  region size 1024K, 107 young (109568K), 10 survivors (10240K)
 Metaspace       used 109148K, capacity 111577K, committed 111856K, reserved 1146880K
  class space    used 13609K, capacity 14537K, committed 14624K, reserved 1048576K
}
Event: 89.594 GC heap after
{Heap after GC invocations=21 (full 0):
 garbage-first heap   total 262144K, used 106144K [0x0000000080000000, 0x0000000100000000)
  region size 1024K, 12 young (12288K), 12 survivors (12288K)
 Metaspace       used 109148K, capacity 111577K, committed 111856K, reserved 1146880K
  class space    used 13609K, capacity 14537K, committed 14624K, reserved 1048576K
}
Event: 100.276 GC heap before
{Heap before GC invocations=21 (full 0):
 garbage-first heap   total 262144K, used 205472K [0x0000000080000000, 0x0000000100000000)
  region size 1024K, 108 young (110592K), 12 survivors (12288K)
 Metaspace       used 113348K, capacity 116107K, committed 116336K, reserved 1150976K
  class space    used 14153K, capacity 15145K, committed 15264K, reserved 1048576K
}
Event: 100.306 GC heap after
{Heap after GC invocations=22 (full 0):
 garbage-first heap   total 262144K, used 113999K [0x0000000080000000, 0x0000000100000000)
  region size 1024K, 7 young (7168K), 7 survivors (7168K)
 Metaspace       used 113348K, capacity 116107K, committed 116336K, reserved 1150976K
  class space    used 14153K, capacity 15145K, committed 15264K, reserved 1048576K
}
Event: 101.301 GC heap before
{Heap before GC invocations=22 (full 0):
 garbage-first heap   total 262144K, used 209231K [0x0000000080000000, 0x0000000100000000)
  region size 1024K, 99 young (101376K), 7 survivors (7168K)
 Metaspace       used 118663K, capacity 121832K, committed 122096K, reserved 1155072K
  class space    used 14908K, capacity 16048K, committed 16160K, reserved 1048576K
}
Event: 101.320 GC heap after
{Heap after GC invocations=23 (full 0):
 garbage-first heap   total 262144K, used 124868K [0x0000000080000000, 0x0000000100000000)
  region size 1024K, 13 young (13312K), 13 survivors (13312K)
 Metaspace       used 118663K, capacity 121832K, committed 122096K, reserved 1155072K
  class space    used 14908K, capacity 16048K, committed 16160K, reserved 1048576K
}
Event: 102.169 GC heap before
{Heap before GC invocations=23 (full 0):
 garbage-first heap   total 262144K, used 208836K [0x0000000080000000, 0x0000000100000000)
  region size 1024K, 96 young (98304K), 13 survivors (13312K)
 Metaspace       used 127316K, capacity 131679K, committed 131952K, reserved 1163264K
  class space    used 16534K, capacity 18298K, committed 18336K, reserved 1048576K
}
Event: 102.189 GC heap after
{Heap after GC invocations=24 (full 0):
 garbage-first heap   total 262144K, used 134161K [0x0000000080000000, 0x0000000100000000)
  region size 1024K, 11 young (11264K), 11 survivors (11264K)
 Metaspace       used 127316K, capacity 131679K, committed 131952K, reserved 1163264K
  class space    used 16534K, capacity 18298K, committed 18336K, reserved 1048576K
}
Event: 102.876 GC heap before
{Heap before GC invocations=24 (full 0):
 garbage-first heap   total 262144K, used 176145K [0x0000000080000000, 0x0000000100000000)
  region size 1024K, 54 young (55296K), 11 survivors (11264K)
 Metaspace       used 129753K, capacity 134561K, committed 134768K, reserved 1165312K
  class space    used 16901K, capacity 18802K, committed 18848K, reserved 1048576K
}
Event: 102.898 GC heap after
{Heap after GC invocations=25 (full 0):
 garbage-first heap   total 262144K, used 134504K [0x0000000080000000, 0x0000000100000000)
  region size 1024K, 3 young (3072K), 3 survivors (3072K)
 Metaspace       used 129753K, capacity 134561K, committed 134768K, reserved 1165312K
  class space    used 16901K, capacity 18802K, committed 18848K, reserved 1048576K
}
Event: 274.420 GC heap before
{Heap before GC invocations=26 (full 0):
 garbage-first heap   total 262144K, used 254312K [0x0000000080000000, 0x0000000100000000)
  region size 1024K, 78 young (79872K), 3 survivors (3072K)
 Metaspace       used 132872K, capacity 137541K, committed 137968K, reserved 1167360K
  class space    used 17220K, capacity 19092K, committed 19232K, reserved 1048576K
}
Event: 274.426 GC heap after
{Heap after GC invocations=27 (full 0):
 garbage-first heap   total 262144K, used 133247K [0x0000000080000000, 0x0000000100000000)
  region size 1024K, 4 young (4096K), 4 survivors (4096K)
 Metaspace       used 132872K, capacity 137541K, committed 137968K, reserved 1167360K
  class space    used 17220K, capacity 19092K, committed 19232K, reserved 1048576K
}
Event: 347.830 GC heap before
{Heap before GC invocations=27 (full 0):
 garbage-first heap   total 262144K, used 140415K [0x0000000080000000, 0x0000000100000000)
  region size 1024K, 12 young (12288K), 4 survivors (4096K)
 Metaspace       used 133003K, capacity 137656K, committed 137968K, reserved 1167360K
  class space    used 17236K, capacity 19120K, committed 19232K, reserved 1048576K
}
Event: 347.840 GC heap after
{Heap after GC invocations=28 (full 0):
 garbage-first heap   total 262144K, used 125647K [0x0000000080000000, 0x0000000100000000)
  region size 1024K, 2 young (2048K), 2 survivors (2048K)
 Metaspace       used 133003K, capacity 137656K, committed 137968K, reserved 1167360K
  class space    used 17236K, capacity 19120K, committed 19232K, reserved 1048576K
}
Event: 351.022 GC heap before
{Heap before GC invocations=28 (full 0):
 garbage-first heap   total 262144K, used 209615K [0x0000000080000000, 0x0000000100000000)
  region size 1024K, 85 young (87040K), 2 survivors (2048K)
 Metaspace       used 133626K, capacity 138463K, committed 138736K, reserved 1169408K
  class space    used 17263K, capacity 19159K, committed 19232K, reserved 1048576K
}
Event: 351.042 GC heap after
{Heap after GC invocations=29 (full 0):
 garbage-first heap   total 262144K, used 133796K [0x0000000080000000, 0x0000000100000000)
  region size 1024K, 10 young (10240K), 10 survivors (10240K)
 Metaspace       used 133626K, capacity 138463K, committed 138736K, reserved 1169408K
  class space    used 17263K, capacity 19159K, committed 19232K, reserved 1048576K
}

