# JRE version: OpenJDK Runtime Environment (11.0.13) (build 11.0.13+0-b1751.21-8125866)
# Java VM: OpenJDK 64-Bit Server VM (11.0.13+0-b1751.21-8125866, mixed mode, tiered, compressed oops, g1 gc, windows-amd64)
Heap:
 garbage-first heap   total 262144K, used 103607K [0x0000000080000000, 0x0000000100000000)
  region size 1024K, 52 young (53248K), 15 survivors (15360K)
 Metaspace       used 77665K, capacity 79417K, committed 79624K, reserved 1118208K
  class space    used 10025K, capacity 10686K, committed 10752K, reserved 1048576K
GC Heap History (18 events):
Event: 0.777 GC heap before
{Heap before GC invocations=0 (full 0):
 garbage-first heap   total 262144K, used 29696K [0x0000000080000000, 0x0000000100000000)
  region size 1024K, 24 young (24576K), 0 survivors (0K)
 Metaspace       used 9806K, capacity 9964K, committed 10112K, reserved 1058816K
  class space    used 1009K, capacity 1069K, committed 1152K, reserved 1048576K
}
Event: 0.782 GC heap after
{Heap after GC invocations=1 (full 0):
 garbage-first heap   total 262144K, used 9089K [0x0000000080000000, 0x0000000100000000)
  region size 1024K, 3 young (3072K), 3 survivors (3072K)
 Metaspace       used 9806K, capacity 9964K, committed 10112K, reserved 1058816K
  class space    used 1009K, capacity 1069K, committed 1152K, reserved 1048576K
}
Event: 3.344 GC heap before
{Heap before GC invocations=1 (full 0):
 garbage-first heap   total 262144K, used 113537K [0x0000000080000000, 0x0000000100000000)
  region size 1024K, 106 young (108544K), 3 survivors (3072K)
 Metaspace       used 20740K, capacity 21193K, committed 21296K, reserved 1069056K
  class space    used 2527K, capacity 2684K, committed 2688K, reserved 1048576K
}
Event: 3.360 GC heap after
{Heap after GC invocations=2 (full 0):
 garbage-first heap   total 262144K, used 16917K [0x0000000080000000, 0x0000000100000000)
  region size 1024K, 11 young (11264K), 11 survivors (11264K)
 Metaspace       used 20740K, capacity 21193K, committed 21296K, reserved 1069056K
  class space    used 2527K, capacity 2684K, committed 2688K, reserved 1048576K
}
Event: 3.816 GC heap before
{Heap before GC invocations=3 (full 0):
 garbage-first heap   total 262144K, used 50709K [0x0000000080000000, 0x0000000100000000)
  region size 1024K, 44 young (45056K), 11 survivors (11264K)
 Metaspace       used 24052K, capacity 24577K, committed 24752K, reserved 1071104K
  class space    used 3047K, capacity 3221K, committed 3328K, reserved 1048576K
}
Event: 3.822 GC heap after
{Heap after GC invocations=4 (full 0):
 garbage-first heap   total 262144K, used 18691K [0x0000000080000000, 0x0000000100000000)
  region size 1024K, 2 young (2048K), 2 survivors (2048K)
 Metaspace       used 24052K, capacity 24577K, committed 24752K, reserved 1071104K
  class space    used 3047K, capacity 3221K, committed 3328K, reserved 1048576K
}
Event: 5.306 GC heap before
{Heap before GC invocations=4 (full 0):
 garbage-first heap   total 262144K, used 100611K [0x0000000080000000, 0x0000000100000000)
  region size 1024K, 83 young (84992K), 2 survivors (2048K)
 Metaspace       used 35003K, capacity 35767K, committed 35920K, reserved 1081344K
  class space    used 4490K, capacity 4788K, committed 4864K, reserved 1048576K
}
Event: 5.316 GC heap after
{Heap after GC invocations=5 (full 0):
 garbage-first heap   total 262144K, used 22393K [0x0000000080000000, 0x0000000100000000)
  region size 1024K, 6 young (6144K), 6 survivors (6144K)
 Metaspace       used 35003K, capacity 35767K, committed 35920K, reserved 1081344K
  class space    used 4490K, capacity 4788K, committed 4864K, reserved 1048576K
}
Event: 6.908 GC heap before
{Heap before GC invocations=6 (full 0):
 garbage-first heap   total 262144K, used 138105K [0x0000000080000000, 0x0000000100000000)
  region size 1024K, 116 young (118784K), 6 survivors (6144K)
 Metaspace       used 44710K, capacity 45686K, committed 45904K, reserved 1089536K
  class space    used 5647K, capacity 6032K, committed 6144K, reserved 1048576K
}
Event: 6.917 GC heap after
{Heap after GC invocations=7 (full 0):
 garbage-first heap   total 262144K, used 29565K [0x0000000080000000, 0x0000000100000000)
  region size 1024K, 13 young (13312K), 13 survivors (13312K)
 Metaspace       used 44710K, capacity 45686K, committed 45904K, reserved 1089536K
  class space    used 5647K, capacity 6032K, committed 6144K, reserved 1048576K
}
Event: 8.795 GC heap before
{Heap before GC invocations=7 (full 0):
 garbage-first heap   total 262144K, used 171901K [0x0000000080000000, 0x0000000100000000)
  region size 1024K, 143 young (146432K), 13 survivors (13312K)
 Metaspace       used 53055K, capacity 54491K, committed 54736K, reserved 1097728K
  class space    used 6708K, capacity 7248K, committed 7296K, reserved 1048576K
}
Event: 8.812 GC heap after
{Heap after GC invocations=8 (full 0):
 garbage-first heap   total 262144K, used 49761K [0x0000000080000000, 0x0000000100000000)
  region size 1024K, 18 young (18432K), 18 survivors (18432K)
 Metaspace       used 53055K, capacity 54491K, committed 54736K, reserved 1097728K
  class space    used 6708K, capacity 7248K, committed 7296K, reserved 1048576K
}
Event: 9.443 GC heap before
{Heap before GC invocations=8 (full 0):
 garbage-first heap   total 262144K, used 85601K [0x0000000080000000, 0x0000000100000000)
  region size 1024K, 54 young (55296K), 18 survivors (18432K)
 Metaspace       used 58688K, capacity 60171K, committed 60296K, reserved 1101824K
  class space    used 7410K, capacity 8007K, committed 8064K, reserved 1048576K
}
Event: 9.470 GC heap after
{Heap after GC invocations=9 (full 0):
 garbage-first heap   total 262144K, used 52794K [0x0000000080000000, 0x0000000100000000)
  region size 1024K, 3 young (3072K), 3 survivors (3072K)
 Metaspace       used 58688K, capacity 60171K, committed 60296K, reserved 1101824K
  class space    used 7410K, capacity 8007K, committed 8064K, reserved 1048576K
}
Event: 11.062 GC heap before
{Heap before GC invocations=10 (full 0):
 garbage-first heap   total 262144K, used 165434K [0x0000000080000000, 0x0000000100000000)
  region size 1024K, 105 young (107520K), 3 survivors (3072K)
 Metaspace       used 67266K, capacity 68792K, committed 69128K, reserved 1110016K
  class space    used 8485K, capacity 9094K, committed 9216K, reserved 1048576K
}
Event: 11.068 GC heap after
{Heap after GC invocations=11 (full 0):
 garbage-first heap   total 262144K, used 59044K [0x0000000080000000, 0x0000000100000000)
  region size 1024K, 9 young (9216K), 9 survivors (9216K)
 Metaspace       used 67266K, capacity 68792K, committed 69128K, reserved 1110016K
  class space    used 8485K, capacity 9094K, committed 9216K, reserved 1048576K
}
Event: 12.506 GC heap before
{Heap before GC invocations=11 (full 0):
 garbage-first heap   total 262144K, used 167588K [0x0000000080000000, 0x0000000100000000)
  region size 1024K, 115 young (117760K), 9 survivors (9216K)
 Metaspace       used 74506K, capacity 76174K, committed 76424K, reserved 1116160K
  class space    used 9587K, capacity 10241K, committed 10368K, reserved 1048576K
}
Event: 12.522 GC heap after
{Heap after GC invocations=12 (full 0):
 garbage-first heap   total 262144K, used 66743K [0x0000000080000000, 0x0000000100000000)
  region size 1024K, 15 young (15360K), 15 survivors (15360K)
 Metaspace       used 74506K, capacity 76174K, committed 76424K, reserved 1116160K
  class space    used 9587K, capacity 10241K, committed 10368K, reserved 1048576K
}

