# JRE version: OpenJDK Runtime Environment (17.0.6) (build 17.0.6+0-b2043.56-9586694)
# Java VM: OpenJDK 64-Bit Server VM (17.0.6+0-b2043.56-9586694, mixed mode, tiered, compressed oops, compressed class ptrs, g1 gc, windows-amd64)
GC Precious Log:
 CPUs: 8 total, 8 available
 Memory: 16262M
 Large Page Support: Disabled
 NUMA Support: Disabled
 Compressed Oops: Enabled (32-bit)
 Heap Region Size: 1M
 Heap Min Capacity: 8M
 Heap Initial Capacity: 256M
 Heap Max Capacity: 2G
 Pre-touch: Disabled
 Parallel Workers: 8
 Concurrent Workers: 2
 Concurrent Refinement Workers: 8
 Periodic GC: Disabled
Heap:
 garbage-first heap   total 402432K, used 263106K [0x0000000080000000, 0x0000000100000000)
  region size 1024K, 87 young (89088K), 6 survivors (6144K)
 Metaspace       used 153826K, committed 155072K, reserved 1187840K
  class space    used 20724K, committed 21312K, reserved 1048576K
GC Heap History (20 events):
Event: 17.480 GC heap before
{Heap before GC invocations=32 (full 0):
 garbage-first heap   total 192512K, used 157932K [0x0000000080000000, 0x0000000100000000)
  region size 1024K, 39 young (39936K), 4 survivors (4096K)
 Metaspace       used 101094K, committed 101824K, reserved 1138688K
  class space    used 13541K, committed 13888K, reserved 1048576K
}
Event: 17.487 GC heap after
{Heap after GC invocations=33 (full 0):
 garbage-first heap   total 192512K, used 126097K [0x0000000080000000, 0x0000000100000000)
  region size 1024K, 4 young (4096K), 4 survivors (4096K)
 Metaspace       used 101094K, committed 101824K, reserved 1138688K
  class space    used 13541K, committed 13888K, reserved 1048576K
}
Event: 17.721 GC heap before
{Heap before GC invocations=33 (full 0):
 garbage-first heap   total 192512K, used 159889K [0x0000000080000000, 0x0000000100000000)
  region size 1024K, 38 young (38912K), 4 survivors (4096K)
 Metaspace       used 101851K, committed 102528K, reserved 1138688K
  class space    used 13601K, committed 13952K, reserved 1048576K
}
Event: 17.727 GC heap after
{Heap after GC invocations=34 (full 0):
 garbage-first heap   total 192512K, used 129024K [0x0000000080000000, 0x0000000100000000)
  region size 1024K, 3 young (3072K), 3 survivors (3072K)
 Metaspace       used 101851K, committed 102528K, reserved 1138688K
  class space    used 13601K, committed 13952K, reserved 1048576K
}
Event: 17.953 GC heap before
{Heap before GC invocations=34 (full 0):
 garbage-first heap   total 192512K, used 161792K [0x0000000080000000, 0x0000000100000000)
  region size 1024K, 36 young (36864K), 3 survivors (3072K)
 Metaspace       used 102830K, committed 103488K, reserved 1138688K
  class space    used 13680K, committed 14016K, reserved 1048576K
}
Event: 17.961 GC heap after
{Heap after GC invocations=35 (full 0):
 garbage-first heap   total 402432K, used 132244K [0x0000000080000000, 0x0000000100000000)
  region size 1024K, 3 young (3072K), 3 survivors (3072K)
 Metaspace       used 102830K, committed 103488K, reserved 1138688K
  class space    used 13680K, committed 14016K, reserved 1048576K
}
Event: 23.385 GC heap before
{Heap before GC invocations=35 (full 0):
 garbage-first heap   total 402432K, used 311444K [0x0000000080000000, 0x0000000100000000)
  region size 1024K, 179 young (183296K), 3 survivors (3072K)
 Metaspace       used 112269K, committed 112896K, reserved 1146880K
  class space    used 14868K, committed 15168K, reserved 1048576K
}
Event: 23.398 GC heap after
{Heap after GC invocations=36 (full 0):
 garbage-first heap   total 402432K, used 148452K [0x0000000080000000, 0x0000000100000000)
  region size 1024K, 19 young (19456K), 19 survivors (19456K)
 Metaspace       used 112269K, committed 112896K, reserved 1146880K
  class space    used 14868K, committed 15168K, reserved 1048576K
}
Event: 30.598 GC heap before
{Heap before GC invocations=36 (full 0):
 garbage-first heap   total 402432K, used 310244K [0x0000000080000000, 0x0000000100000000)
  region size 1024K, 174 young (178176K), 19 survivors (19456K)
 Metaspace       used 125913K, committed 126784K, reserved 1163264K
  class space    used 16662K, committed 17088K, reserved 1048576K
}
Event: 30.616 GC heap after
{Heap after GC invocations=37 (full 0):
 garbage-first heap   total 402432K, used 159850K [0x0000000080000000, 0x0000000100000000)
  region size 1024K, 10 young (10240K), 10 survivors (10240K)
 Metaspace       used 125913K, committed 126784K, reserved 1163264K
  class space    used 16662K, committed 17088K, reserved 1048576K
}
Event: 31.549 GC heap before
{Heap before GC invocations=37 (full 0):
 garbage-first heap   total 402432K, used 315498K [0x0000000080000000, 0x0000000100000000)
  region size 1024K, 163 young (166912K), 10 survivors (10240K)
 Metaspace       used 135649K, committed 136512K, reserved 1171456K
  class space    used 18322K, committed 18752K, reserved 1048576K
}
Event: 31.561 GC heap after
{Heap after GC invocations=38 (full 0):
 garbage-first heap   total 402432K, used 167140K [0x0000000080000000, 0x0000000100000000)
  region size 1024K, 19 young (19456K), 19 survivors (19456K)
 Metaspace       used 135649K, committed 136512K, reserved 1171456K
  class space    used 18322K, committed 18752K, reserved 1048576K
}
Event: 33.058 GC heap before
{Heap before GC invocations=38 (full 0):
 garbage-first heap   total 402432K, used 323812K [0x0000000080000000, 0x0000000100000000)
  region size 1024K, 169 young (173056K), 19 survivors (19456K)
 Metaspace       used 145512K, committed 146496K, reserved 1179648K
  class space    used 20025K, committed 20480K, reserved 1048576K
}
Event: 33.066 GC heap after
{Heap after GC invocations=39 (full 0):
 garbage-first heap   total 402432K, used 160127K [0x0000000080000000, 0x0000000100000000)
  region size 1024K, 4 young (4096K), 4 survivors (4096K)
 Metaspace       used 145512K, committed 146496K, reserved 1179648K
  class space    used 20025K, committed 20480K, reserved 1048576K
}
Event: 780.777 GC heap before
{Heap before GC invocations=39 (full 0):
 garbage-first heap   total 402432K, used 339327K [0x0000000080000000, 0x0000000100000000)
  region size 1024K, 166 young (169984K), 4 survivors (4096K)
 Metaspace       used 151383K, committed 152384K, reserved 1187840K
  class space    used 20534K, committed 20992K, reserved 1048576K
}
Event: 780.785 GC heap after
{Heap after GC invocations=40 (full 0):
 garbage-first heap   total 402432K, used 164865K [0x0000000080000000, 0x0000000100000000)
  region size 1024K, 9 young (9216K), 9 survivors (9216K)
 Metaspace       used 151383K, committed 152384K, reserved 1187840K
  class space    used 20534K, committed 20992K, reserved 1048576K
}
Event: 1003.553 GC heap before
{Heap before GC invocations=40 (full 0):
 garbage-first heap   total 402432K, used 340993K [0x0000000080000000, 0x0000000100000000)
  region size 1024K, 170 young (174080K), 9 survivors (9216K)
 Metaspace       used 152621K, committed 153728K, reserved 1187840K
  class space    used 20639K, committed 21120K, reserved 1048576K
}
Event: 1003.563 GC heap after
{Heap after GC invocations=41 (full 0):
 garbage-first heap   total 402432K, used 168741K [0x0000000080000000, 0x0000000100000000)
  region size 1024K, 13 young (13312K), 13 survivors (13312K)
 Metaspace       used 152621K, committed 153728K, reserved 1187840K
  class space    used 20639K, committed 21120K, reserved 1048576K
}
Event: 1020.164 GC heap before
{Heap before GC invocations=41 (full 0):
 garbage-first heap   total 402432K, used 340773K [0x0000000080000000, 0x0000000100000000)
  region size 1024K, 170 young (174080K), 13 survivors (13312K)
 Metaspace       used 153475K, committed 154688K, reserved 1187840K
  class space    used 20703K, committed 21312K, reserved 1048576K
}
Event: 1020.169 GC heap after
{Heap after GC invocations=42 (full 0):
 garbage-first heap   total 402432K, used 163778K [0x0000000080000000, 0x0000000100000000)
  region size 1024K, 6 young (6144K), 6 survivors (6144K)
 Metaspace       used 153475K, committed 154688K, reserved 1187840K
  class space    used 20703K, committed 21312K, reserved 1048576K
}

